#-----------------------------------------------------------
# Vivado v2018.2 (64-bit)
# SW Build 2258646 on Thu Jun 14 20:03:12 MDT 2018
# IP Build 2256618 on Thu Jun 14 22:10:49 MDT 2018
# Start of session at: Sat Sep 14 10:22:29 2024
# Process ID: 22460
# Current directory: C:/Users/1/Desktop/7sem/UPTSU/project_2_new
# Command line: vivado.exe -gui_launcher_event rodinguilauncherevent10128 C:\Users\1\Desktop\7sem\UPTSU\project_2_new\project_2_new.xpr
# Log file: C:/Users/1/Desktop/7sem/UPTSU/project_2_new/vivado.log
# Journal file: C:/Users/1/Desktop/7sem/UPTSU/project_2_new\vivado.jou
#-----------------------------------------------------------
start_gui
open_project C:/Users/1/Desktop/7sem/UPTSU/project_2_new/project_2_new.xpr
Scanning sources...
Finished scanning sources
INFO: [IP_Flow 19-234] Refreshing IP repositories
INFO: [IP_Flow 19-1704] No user IP repositories specified
INFO: [IP_Flow 19-2313] Loaded Vivado IP repository 'D:/Software/Vivado/Vivado/2018.2/data/ip'.
open_project: Time (s): cpu = 00:00:12 ; elapsed = 00:00:13 . Memory (MB): peak = 814.488 ; gain = 53.750
update_compile_order -fileset sources_1
launch_simulation
INFO: [Vivado 12-5682] Launching behavioral simulation in 'C:/Users/1/Desktop/7sem/UPTSU/project_2_new/project_2_new.sim/sim_1/behav/xsim'
INFO: [SIM-utils-51] Simulation object is 'sim_1'
INFO: [SIM-utils-54] Inspecting design source files for 'SUDCWORAM3SO_SN74LS697_testbench' in fileset 'sim_1'...
INFO: [USF-XSim-97] Finding global include files...
INFO: [USF-XSim-98] Fetching design files from 'sim_1'...
INFO: [USF-XSim-2] XSim::Compile design
INFO: [USF-XSim-61] Executing 'COMPILE and ANALYZE' step in 'C:/Users/1/Desktop/7sem/UPTSU/project_2_new/project_2_new.sim/sim_1/behav/xsim'
"xvhdl --incr --relax -prj SUDCWORAM3SO_SN74LS697_testbench_vhdl.prj"
INFO: [VRFC 10-163] Analyzing VHDL file "C:/Users/1/Desktop/7sem/UPTSU/project_2_new/project_2_new.srcs/sources_1/new/SUDCWORAM3-SO.vhd" into library xil_defaultlib
INFO: [VRFC 10-307] analyzing entity SUDCWORAM3SO_SN74LS697
INFO: [USF-XSim-69] 'compile' step finished in '2' seconds
INFO: [USF-XSim-3] XSim::Elaborate design
INFO: [USF-XSim-61] Executing 'ELABORATE' step in 'C:/Users/1/Desktop/7sem/UPTSU/project_2_new/project_2_new.sim/sim_1/behav/xsim'
Vivado Simulator 2018.2
Copyright 1986-1999, 2001-2018 Xilinx, Inc. All Rights Reserved.
Running: D:/Software/Vivado/Vivado/2018.2/bin/unwrapped/win64.o/xelab.exe -wto 14eaf648cb1343b0b10e5fa219744865 --incr --debug typical --relax --mt 2 -L xil_defaultlib -L secureip --snapshot SUDCWORAM3SO_SN74LS697_testbench_behav xil_defaultlib.SUDCWORAM3SO_SN74LS697_testbench -log elaborate.log 
Using 2 slave threads.
Starting static elaboration
WARNING: [VRFC 10-122] jk_trigger_wrapper remains a black-box since it has no binding entity [C:/Users/1/Desktop/7sem/UPTSU/project_2_new/project_2_new.srcs/sources_1/new/SUDCWORAM3-SO.vhd:98]
WARNING: [VRFC 10-122] jk_trigger_wrapper remains a black-box since it has no binding entity [C:/Users/1/Desktop/7sem/UPTSU/project_2_new/project_2_new.srcs/sources_1/new/SUDCWORAM3-SO.vhd:107]
WARNING: [VRFC 10-122] jk_trigger_wrapper remains a black-box since it has no binding entity [C:/Users/1/Desktop/7sem/UPTSU/project_2_new/project_2_new.srcs/sources_1/new/SUDCWORAM3-SO.vhd:116]
WARNING: [VRFC 10-122] jk_trigger_wrapper remains a black-box since it has no binding entity [C:/Users/1/Desktop/7sem/UPTSU/project_2_new/project_2_new.srcs/sources_1/new/SUDCWORAM3-SO.vhd:125]
WARNING: [VRFC 10-122] jk_trigger_wrapper remains a black-box since it has no binding entity [C:/Users/1/Desktop/7sem/UPTSU/project_2_new/project_2_new.srcs/sources_1/new/SUDCWORAM3-SO.vhd:134]
WARNING: [VRFC 10-122] jk_trigger_wrapper remains a black-box since it has no binding entity [C:/Users/1/Desktop/7sem/UPTSU/project_2_new/project_2_new.srcs/sources_1/new/SUDCWORAM3-SO.vhd:142]
WARNING: [VRFC 10-122] jk_trigger_wrapper remains a black-box since it has no binding entity [C:/Users/1/Desktop/7sem/UPTSU/project_2_new/project_2_new.srcs/sources_1/new/SUDCWORAM3-SO.vhd:150]
WARNING: [VRFC 10-122] jk_trigger_wrapper remains a black-box since it has no binding entity [C:/Users/1/Desktop/7sem/UPTSU/project_2_new/project_2_new.srcs/sources_1/new/SUDCWORAM3-SO.vhd:158]
Completed static elaboration
Starting simulation data flow analysis
Completed simulation data flow analysis
Time Resolution for simulation is 1ps
Compiling package std.standard
Compiling package std.textio
Compiling package ieee.std_logic_1164
Compiling architecture behavioral of entity xil_defaultlib.SUDCWORAM3SO_SN74LS697 [sudcworam3so_sn74ls697_default]
Compiling architecture behavioral of entity xil_defaultlib.sudcworam3so_sn74ls697_testbench
Built simulation snapshot SUDCWORAM3SO_SN74LS697_testbench_behav
INFO: [USF-XSim-69] 'elaborate' step finished in '2' seconds
INFO: [USF-XSim-4] XSim::Simulate design
INFO: [USF-XSim-61] Executing 'SIMULATE' step in 'C:/Users/1/Desktop/7sem/UPTSU/project_2_new/project_2_new.sim/sim_1/behav/xsim'
INFO: [USF-XSim-98] *** Running xsim
   with args "SUDCWORAM3SO_SN74LS697_testbench_behav -key {Behavioral:sim_1:Functional:SUDCWORAM3SO_SN74LS697_testbench} -tclbatch {SUDCWORAM3SO_SN74LS697_testbench.tcl} -log {simulate.log}"
INFO: [USF-XSim-8] Loading simulator feature
Vivado Simulator 2018.2
Time resolution is 1 ps
source SUDCWORAM3SO_SN74LS697_testbench.tcl
# set curr_wave [current_wave_config]
# if { [string length $curr_wave] == 0 } {
#   if { [llength [get_objects]] > 0} {
#     add_wave /
#     set_property needs_save false [current_wave_config]
#   } else {
#      send_msg_id Add_Wave-1 WARNING "No top level signals found. Simulator will start without a wave window. If you want to open a wave window go to 'File->New Waveform Configuration' or type 'create_wave_config' in the TCL console."
#   }
# }
# run 100000ns
INFO: [USF-XSim-96] XSim completed. Design snapshot 'SUDCWORAM3SO_SN74LS697_testbench_behav' loaded.
INFO: [USF-XSim-97] XSim simulation ran for 100000ns
launch_simulation: Time (s): cpu = 00:00:02 ; elapsed = 00:00:08 . Memory (MB): peak = 889.656 ; gain = 0.000
close_sim
INFO: [Simtcl 6-16] Simulation closed
launch_simulation
INFO: [Vivado 12-5682] Launching behavioral simulation in 'C:/Users/1/Desktop/7sem/UPTSU/project_2_new/project_2_new.sim/sim_1/behav/xsim'
INFO: [SIM-utils-51] Simulation object is 'sim_1'
INFO: [SIM-utils-54] Inspecting design source files for 'SUDCWORAM3SO_SN74LS697_testbench' in fileset 'sim_1'...
INFO: [USF-XSim-97] Finding global include files...
INFO: [USF-XSim-98] Fetching design files from 'sim_1'...
INFO: [USF-XSim-2] XSim::Compile design
INFO: [USF-XSim-61] Executing 'COMPILE and ANALYZE' step in 'C:/Users/1/Desktop/7sem/UPTSU/project_2_new/project_2_new.sim/sim_1/behav/xsim'
"xvhdl --incr --relax -prj SUDCWORAM3SO_SN74LS697_testbench_vhdl.prj"
INFO: [VRFC 10-163] Analyzing VHDL file "C:/Users/1/Desktop/7sem/UPTSU/project_2_new/project_2_new.srcs/sources_1/new/SUDCWORAM3-SO.vhd" into library xil_defaultlib
INFO: [VRFC 10-307] analyzing entity SUDCWORAM3SO_SN74LS697
INFO: [USF-XSim-69] 'compile' step finished in '2' seconds
INFO: [USF-XSim-3] XSim::Elaborate design
INFO: [USF-XSim-61] Executing 'ELABORATE' step in 'C:/Users/1/Desktop/7sem/UPTSU/project_2_new/project_2_new.sim/sim_1/behav/xsim'
Vivado Simulator 2018.2
Copyright 1986-1999, 2001-2018 Xilinx, Inc. All Rights Reserved.
Running: D:/Software/Vivado/Vivado/2018.2/bin/unwrapped/win64.o/xelab.exe -wto 14eaf648cb1343b0b10e5fa219744865 --incr --debug typical --relax --mt 2 -L xil_defaultlib -L secureip --snapshot SUDCWORAM3SO_SN74LS697_testbench_behav xil_defaultlib.SUDCWORAM3SO_SN74LS697_testbench -log elaborate.log 
Using 2 slave threads.
Starting static elaboration
WARNING: [VRFC 10-122] jk_trigger_wrapper remains a black-box since it has no binding entity [C:/Users/1/Desktop/7sem/UPTSU/project_2_new/project_2_new.srcs/sources_1/new/SUDCWORAM3-SO.vhd:98]
WARNING: [VRFC 10-122] jk_trigger_wrapper remains a black-box since it has no binding entity [C:/Users/1/Desktop/7sem/UPTSU/project_2_new/project_2_new.srcs/sources_1/new/SUDCWORAM3-SO.vhd:107]
WARNING: [VRFC 10-122] jk_trigger_wrapper remains a black-box since it has no binding entity [C:/Users/1/Desktop/7sem/UPTSU/project_2_new/project_2_new.srcs/sources_1/new/SUDCWORAM3-SO.vhd:116]
WARNING: [VRFC 10-122] jk_trigger_wrapper remains a black-box since it has no binding entity [C:/Users/1/Desktop/7sem/UPTSU/project_2_new/project_2_new.srcs/sources_1/new/SUDCWORAM3-SO.vhd:125]
WARNING: [VRFC 10-122] jk_trigger_wrapper remains a black-box since it has no binding entity [C:/Users/1/Desktop/7sem/UPTSU/project_2_new/project_2_new.srcs/sources_1/new/SUDCWORAM3-SO.vhd:134]
WARNING: [VRFC 10-122] jk_trigger_wrapper remains a black-box since it has no binding entity [C:/Users/1/Desktop/7sem/UPTSU/project_2_new/project_2_new.srcs/sources_1/new/SUDCWORAM3-SO.vhd:142]
WARNING: [VRFC 10-122] jk_trigger_wrapper remains a black-box since it has no binding entity [C:/Users/1/Desktop/7sem/UPTSU/project_2_new/project_2_new.srcs/sources_1/new/SUDCWORAM3-SO.vhd:150]
WARNING: [VRFC 10-122] jk_trigger_wrapper remains a black-box since it has no binding entity [C:/Users/1/Desktop/7sem/UPTSU/project_2_new/project_2_new.srcs/sources_1/new/SUDCWORAM3-SO.vhd:158]
Completed static elaboration
Starting simulation data flow analysis
Completed simulation data flow analysis
Time Resolution for simulation is 1ps
Compiling package std.standard
Compiling package std.textio
Compiling package ieee.std_logic_1164
Compiling architecture behavioral of entity xil_defaultlib.SUDCWORAM3SO_SN74LS697 [sudcworam3so_sn74ls697_default]
Compiling architecture behavioral of entity xil_defaultlib.sudcworam3so_sn74ls697_testbench
Built simulation snapshot SUDCWORAM3SO_SN74LS697_testbench_behav
INFO: [USF-XSim-69] 'elaborate' step finished in '2' seconds
INFO: [USF-XSim-4] XSim::Simulate design
INFO: [USF-XSim-61] Executing 'SIMULATE' step in 'C:/Users/1/Desktop/7sem/UPTSU/project_2_new/project_2_new.sim/sim_1/behav/xsim'
INFO: [USF-XSim-98] *** Running xsim
   with args "SUDCWORAM3SO_SN74LS697_testbench_behav -key {Behavioral:sim_1:Functional:SUDCWORAM3SO_SN74LS697_testbench} -tclbatch {SUDCWORAM3SO_SN74LS697_testbench.tcl} -log {simulate.log}"
INFO: [USF-XSim-8] Loading simulator feature
Vivado Simulator 2018.2
Time resolution is 1 ps
source SUDCWORAM3SO_SN74LS697_testbench.tcl
# set curr_wave [current_wave_config]
# if { [string length $curr_wave] == 0 } {
#   if { [llength [get_objects]] > 0} {
#     add_wave /
#     set_property needs_save false [current_wave_config]
#   } else {
#      send_msg_id Add_Wave-1 WARNING "No top level signals found. Simulator will start without a wave window. If you want to open a wave window go to 'File->New Waveform Configuration' or type 'create_wave_config' in the TCL console."
#   }
# }
# run 100000ns
INFO: [USF-XSim-96] XSim completed. Design snapshot 'SUDCWORAM3SO_SN74LS697_testbench_behav' loaded.
INFO: [USF-XSim-97] XSim simulation ran for 100000ns
launch_simulation: Time (s): cpu = 00:00:01 ; elapsed = 00:00:07 . Memory (MB): peak = 895.219 ; gain = 0.000
close_sim
INFO: [Simtcl 6-16] Simulation closed
launch_simulation
INFO: [Vivado 12-5682] Launching behavioral simulation in 'C:/Users/1/Desktop/7sem/UPTSU/project_2_new/project_2_new.sim/sim_1/behav/xsim'
INFO: [SIM-utils-51] Simulation object is 'sim_1'
INFO: [SIM-utils-54] Inspecting design source files for 'SUDCWORAM3SO_SN74LS697_testbench' in fileset 'sim_1'...
INFO: [USF-XSim-97] Finding global include files...
INFO: [USF-XSim-98] Fetching design files from 'sim_1'...
INFO: [USF-XSim-2] XSim::Compile design
INFO: [USF-XSim-61] Executing 'COMPILE and ANALYZE' step in 'C:/Users/1/Desktop/7sem/UPTSU/project_2_new/project_2_new.sim/sim_1/behav/xsim'
"xvhdl --incr --relax -prj SUDCWORAM3SO_SN74LS697_testbench_vhdl.prj"
INFO: [VRFC 10-163] Analyzing VHDL file "C:/Users/1/Desktop/7sem/UPTSU/project_2_new/project_2_new.srcs/sources_1/new/SUDCWORAM3-SO.vhd" into library xil_defaultlib
INFO: [VRFC 10-307] analyzing entity SUDCWORAM3SO_SN74LS697
ERROR: [VRFC 10-460] cannot read from 'out' object not_jk0 ; use 'buffer' or 'inout' [C:/Users/1/Desktop/7sem/UPTSU/project_2_new/project_2_new.srcs/sources_1/new/SUDCWORAM3-SO.vhd:93]
ERROR: [VRFC 10-460] cannot read from 'out' object not_jk1 ; use 'buffer' or 'inout' [C:/Users/1/Desktop/7sem/UPTSU/project_2_new/project_2_new.srcs/sources_1/new/SUDCWORAM3-SO.vhd:94]
ERROR: [VRFC 10-460] cannot read from 'out' object not_jk2 ; use 'buffer' or 'inout' [C:/Users/1/Desktop/7sem/UPTSU/project_2_new/project_2_new.srcs/sources_1/new/SUDCWORAM3-SO.vhd:95]
ERROR: [VRFC 10-460] cannot read from 'out' object not_jk3 ; use 'buffer' or 'inout' [C:/Users/1/Desktop/7sem/UPTSU/project_2_new/project_2_new.srcs/sources_1/new/SUDCWORAM3-SO.vhd:96]
ERROR: [VRFC 10-460] cannot read from 'out' object not_jk4 ; use 'buffer' or 'inout' [C:/Users/1/Desktop/7sem/UPTSU/project_2_new/project_2_new.srcs/sources_1/new/SUDCWORAM3-SO.vhd:97]
ERROR: [VRFC 10-460] cannot read from 'out' object not_jk5 ; use 'buffer' or 'inout' [C:/Users/1/Desktop/7sem/UPTSU/project_2_new/project_2_new.srcs/sources_1/new/SUDCWORAM3-SO.vhd:98]
ERROR: [VRFC 10-460] cannot read from 'out' object not_jk6 ; use 'buffer' or 'inout' [C:/Users/1/Desktop/7sem/UPTSU/project_2_new/project_2_new.srcs/sources_1/new/SUDCWORAM3-SO.vhd:99]
ERROR: [VRFC 10-460] cannot read from 'out' object not_jk7 ; use 'buffer' or 'inout' [C:/Users/1/Desktop/7sem/UPTSU/project_2_new/project_2_new.srcs/sources_1/new/SUDCWORAM3-SO.vhd:100]
ERROR: [VRFC 10-460] cannot read from 'out' object not_jk0 ; use 'buffer' or 'inout' [C:/Users/1/Desktop/7sem/UPTSU/project_2_new/project_2_new.srcs/sources_1/new/SUDCWORAM3-SO.vhd:102]
ERROR: [VRFC 10-460] cannot read from 'out' object not_jk1 ; use 'buffer' or 'inout' [C:/Users/1/Desktop/7sem/UPTSU/project_2_new/project_2_new.srcs/sources_1/new/SUDCWORAM3-SO.vhd:103]
ERROR: [VRFC 10-460] cannot read from 'out' object not_jk2 ; use 'buffer' or 'inout' [C:/Users/1/Desktop/7sem/UPTSU/project_2_new/project_2_new.srcs/sources_1/new/SUDCWORAM3-SO.vhd:104]
ERROR: [VRFC 10-460] cannot read from 'out' object not_jk3 ; use 'buffer' or 'inout' [C:/Users/1/Desktop/7sem/UPTSU/project_2_new/project_2_new.srcs/sources_1/new/SUDCWORAM3-SO.vhd:105]
ERROR: [VRFC 10-1504] unit behavioral ignored due to previous errors [C:/Users/1/Desktop/7sem/UPTSU/project_2_new/project_2_new.srcs/sources_1/new/SUDCWORAM3-SO.vhd:35]
INFO: [VRFC 10-240] VHDL file C:/Users/1/Desktop/7sem/UPTSU/project_2_new/project_2_new.srcs/sources_1/new/SUDCWORAM3-SO.vhd ignored due to errors
INFO: [USF-XSim-69] 'compile' step finished in '1' seconds
INFO: [USF-XSim-99] Step results log file:'C:/Users/1/Desktop/7sem/UPTSU/project_2_new/project_2_new.sim/sim_1/behav/xsim/xvhdl.log'
ERROR: [USF-XSim-62] 'compile' step failed with error(s). Please check the Tcl console output or 'C:/Users/1/Desktop/7sem/UPTSU/project_2_new/project_2_new.sim/sim_1/behav/xsim/xvhdl.log' file for more information.
ERROR: [Vivado 12-4473] Detected error while running simulation. Please correct the issue and retry this operation.
ERROR: [Common 17-39] 'launch_simulation' failed due to earlier errors.
launch_simulation
INFO: [Vivado 12-5682] Launching behavioral simulation in 'C:/Users/1/Desktop/7sem/UPTSU/project_2_new/project_2_new.sim/sim_1/behav/xsim'
INFO: [SIM-utils-51] Simulation object is 'sim_1'
INFO: [SIM-utils-54] Inspecting design source files for 'SUDCWORAM3SO_SN74LS697_testbench' in fileset 'sim_1'...
INFO: [USF-XSim-97] Finding global include files...
INFO: [USF-XSim-98] Fetching design files from 'sim_1'...
INFO: [USF-XSim-2] XSim::Compile design
INFO: [USF-XSim-61] Executing 'COMPILE and ANALYZE' step in 'C:/Users/1/Desktop/7sem/UPTSU/project_2_new/project_2_new.sim/sim_1/behav/xsim'
"xvhdl --incr --relax -prj SUDCWORAM3SO_SN74LS697_testbench_vhdl.prj"
INFO: [VRFC 10-163] Analyzing VHDL file "C:/Users/1/Desktop/7sem/UPTSU/project_2_new/project_2_new.srcs/sources_1/new/SUDCWORAM3-SO.vhd" into library xil_defaultlib
INFO: [VRFC 10-307] analyzing entity SUDCWORAM3SO_SN74LS697
INFO: [USF-XSim-69] 'compile' step finished in '2' seconds
INFO: [USF-XSim-3] XSim::Elaborate design
INFO: [USF-XSim-61] Executing 'ELABORATE' step in 'C:/Users/1/Desktop/7sem/UPTSU/project_2_new/project_2_new.sim/sim_1/behav/xsim'
Vivado Simulator 2018.2
Copyright 1986-1999, 2001-2018 Xilinx, Inc. All Rights Reserved.
Running: D:/Software/Vivado/Vivado/2018.2/bin/unwrapped/win64.o/xelab.exe -wto 14eaf648cb1343b0b10e5fa219744865 --incr --debug typical --relax --mt 2 -L xil_defaultlib -L secureip --snapshot SUDCWORAM3SO_SN74LS697_testbench_behav xil_defaultlib.SUDCWORAM3SO_SN74LS697_testbench -log elaborate.log 
Using 2 slave threads.
Starting static elaboration
WARNING: [VRFC 10-122] jk_trigger_wrapper remains a black-box since it has no binding entity [C:/Users/1/Desktop/7sem/UPTSU/project_2_new/project_2_new.srcs/sources_1/new/SUDCWORAM3-SO.vhd:107]
WARNING: [VRFC 10-122] jk_trigger_wrapper remains a black-box since it has no binding entity [C:/Users/1/Desktop/7sem/UPTSU/project_2_new/project_2_new.srcs/sources_1/new/SUDCWORAM3-SO.vhd:116]
WARNING: [VRFC 10-122] jk_trigger_wrapper remains a black-box since it has no binding entity [C:/Users/1/Desktop/7sem/UPTSU/project_2_new/project_2_new.srcs/sources_1/new/SUDCWORAM3-SO.vhd:125]
WARNING: [VRFC 10-122] jk_trigger_wrapper remains a black-box since it has no binding entity [C:/Users/1/Desktop/7sem/UPTSU/project_2_new/project_2_new.srcs/sources_1/new/SUDCWORAM3-SO.vhd:134]
WARNING: [VRFC 10-122] jk_trigger_wrapper remains a black-box since it has no binding entity [C:/Users/1/Desktop/7sem/UPTSU/project_2_new/project_2_new.srcs/sources_1/new/SUDCWORAM3-SO.vhd:143]
WARNING: [VRFC 10-122] jk_trigger_wrapper remains a black-box since it has no binding entity [C:/Users/1/Desktop/7sem/UPTSU/project_2_new/project_2_new.srcs/sources_1/new/SUDCWORAM3-SO.vhd:151]
WARNING: [VRFC 10-122] jk_trigger_wrapper remains a black-box since it has no binding entity [C:/Users/1/Desktop/7sem/UPTSU/project_2_new/project_2_new.srcs/sources_1/new/SUDCWORAM3-SO.vhd:159]
WARNING: [VRFC 10-122] jk_trigger_wrapper remains a black-box since it has no binding entity [C:/Users/1/Desktop/7sem/UPTSU/project_2_new/project_2_new.srcs/sources_1/new/SUDCWORAM3-SO.vhd:167]
Completed static elaboration
Starting simulation data flow analysis
Completed simulation data flow analysis
Time Resolution for simulation is 1ps
Compiling package std.standard
Compiling package std.textio
Compiling package ieee.std_logic_1164
Compiling architecture behavioral of entity xil_defaultlib.SUDCWORAM3SO_SN74LS697 [sudcworam3so_sn74ls697_default]
Compiling architecture behavioral of entity xil_defaultlib.sudcworam3so_sn74ls697_testbench
Built simulation snapshot SUDCWORAM3SO_SN74LS697_testbench_behav
INFO: [USF-XSim-69] 'elaborate' step finished in '2' seconds
INFO: [USF-XSim-4] XSim::Simulate design
INFO: [USF-XSim-61] Executing 'SIMULATE' step in 'C:/Users/1/Desktop/7sem/UPTSU/project_2_new/project_2_new.sim/sim_1/behav/xsim'
INFO: [USF-XSim-98] *** Running xsim
   with args "SUDCWORAM3SO_SN74LS697_testbench_behav -key {Behavioral:sim_1:Functional:SUDCWORAM3SO_SN74LS697_testbench} -tclbatch {SUDCWORAM3SO_SN74LS697_testbench.tcl} -log {simulate.log}"
INFO: [USF-XSim-8] Loading simulator feature
Vivado Simulator 2018.2
Time resolution is 1 ps
source SUDCWORAM3SO_SN74LS697_testbench.tcl
# set curr_wave [current_wave_config]
# if { [string length $curr_wave] == 0 } {
#   if { [llength [get_objects]] > 0} {
#     add_wave /
#     set_property needs_save false [current_wave_config]
#   } else {
#      send_msg_id Add_Wave-1 WARNING "No top level signals found. Simulator will start without a wave window. If you want to open a wave window go to 'File->New Waveform Configuration' or type 'create_wave_config' in the TCL console."
#   }
# }
# run 100000ns
INFO: [USF-XSim-96] XSim completed. Design snapshot 'SUDCWORAM3SO_SN74LS697_testbench_behav' loaded.
INFO: [USF-XSim-97] XSim simulation ran for 100000ns
launch_simulation: Time (s): cpu = 00:00:02 ; elapsed = 00:00:07 . Memory (MB): peak = 900.965 ; gain = 5.746
close_sim
INFO: [Simtcl 6-16] Simulation closed
launch_simulation
INFO: [Vivado 12-5682] Launching behavioral simulation in 'C:/Users/1/Desktop/7sem/UPTSU/project_2_new/project_2_new.sim/sim_1/behav/xsim'
INFO: [SIM-utils-51] Simulation object is 'sim_1'
INFO: [SIM-utils-54] Inspecting design source files for 'SUDCWORAM3SO_SN74LS697_testbench' in fileset 'sim_1'...
INFO: [USF-XSim-97] Finding global include files...
INFO: [USF-XSim-98] Fetching design files from 'sim_1'...
INFO: [USF-XSim-2] XSim::Compile design
INFO: [USF-XSim-61] Executing 'COMPILE and ANALYZE' step in 'C:/Users/1/Desktop/7sem/UPTSU/project_2_new/project_2_new.sim/sim_1/behav/xsim'
"xvhdl --incr --relax -prj SUDCWORAM3SO_SN74LS697_testbench_vhdl.prj"
INFO: [VRFC 10-163] Analyzing VHDL file "C:/Users/1/Desktop/7sem/UPTSU/project_2_new/project_2_new.srcs/sim_1/new/SUDCWORAM3SO_SN74LS697_testbench.vhd" into library xil_defaultlib
INFO: [VRFC 10-307] analyzing entity SUDCWORAM3SO_SN74LS697_testbench
INFO: [USF-XSim-69] 'compile' step finished in '2' seconds
INFO: [USF-XSim-3] XSim::Elaborate design
INFO: [USF-XSim-61] Executing 'ELABORATE' step in 'C:/Users/1/Desktop/7sem/UPTSU/project_2_new/project_2_new.sim/sim_1/behav/xsim'
Vivado Simulator 2018.2
Copyright 1986-1999, 2001-2018 Xilinx, Inc. All Rights Reserved.
Running: D:/Software/Vivado/Vivado/2018.2/bin/unwrapped/win64.o/xelab.exe -wto 14eaf648cb1343b0b10e5fa219744865 --incr --debug typical --relax --mt 2 -L xil_defaultlib -L secureip --snapshot SUDCWORAM3SO_SN74LS697_testbench_behav xil_defaultlib.SUDCWORAM3SO_SN74LS697_testbench -log elaborate.log 
Using 2 slave threads.
Starting static elaboration
WARNING: [VRFC 10-122] jk_trigger_wrapper remains a black-box since it has no binding entity [C:/Users/1/Desktop/7sem/UPTSU/project_2_new/project_2_new.srcs/sources_1/new/SUDCWORAM3-SO.vhd:107]
WARNING: [VRFC 10-122] jk_trigger_wrapper remains a black-box since it has no binding entity [C:/Users/1/Desktop/7sem/UPTSU/project_2_new/project_2_new.srcs/sources_1/new/SUDCWORAM3-SO.vhd:116]
WARNING: [VRFC 10-122] jk_trigger_wrapper remains a black-box since it has no binding entity [C:/Users/1/Desktop/7sem/UPTSU/project_2_new/project_2_new.srcs/sources_1/new/SUDCWORAM3-SO.vhd:125]
WARNING: [VRFC 10-122] jk_trigger_wrapper remains a black-box since it has no binding entity [C:/Users/1/Desktop/7sem/UPTSU/project_2_new/project_2_new.srcs/sources_1/new/SUDCWORAM3-SO.vhd:134]
WARNING: [VRFC 10-122] jk_trigger_wrapper remains a black-box since it has no binding entity [C:/Users/1/Desktop/7sem/UPTSU/project_2_new/project_2_new.srcs/sources_1/new/SUDCWORAM3-SO.vhd:143]
WARNING: [VRFC 10-122] jk_trigger_wrapper remains a black-box since it has no binding entity [C:/Users/1/Desktop/7sem/UPTSU/project_2_new/project_2_new.srcs/sources_1/new/SUDCWORAM3-SO.vhd:151]
WARNING: [VRFC 10-122] jk_trigger_wrapper remains a black-box since it has no binding entity [C:/Users/1/Desktop/7sem/UPTSU/project_2_new/project_2_new.srcs/sources_1/new/SUDCWORAM3-SO.vhd:159]
WARNING: [VRFC 10-122] jk_trigger_wrapper remains a black-box since it has no binding entity [C:/Users/1/Desktop/7sem/UPTSU/project_2_new/project_2_new.srcs/sources_1/new/SUDCWORAM3-SO.vhd:167]
Completed static elaboration
Starting simulation data flow analysis
Completed simulation data flow analysis
Time Resolution for simulation is 1ps
Compiling package std.standard
Compiling package std.textio
Compiling package ieee.std_logic_1164
Compiling architecture behavioral of entity xil_defaultlib.SUDCWORAM3SO_SN74LS697 [sudcworam3so_sn74ls697_default]
Compiling architecture behavioral of entity xil_defaultlib.sudcworam3so_sn74ls697_testbench
Built simulation snapshot SUDCWORAM3SO_SN74LS697_testbench_behav
INFO: [USF-XSim-69] 'elaborate' step finished in '2' seconds
INFO: [USF-XSim-4] XSim::Simulate design
INFO: [USF-XSim-61] Executing 'SIMULATE' step in 'C:/Users/1/Desktop/7sem/UPTSU/project_2_new/project_2_new.sim/sim_1/behav/xsim'
INFO: [USF-XSim-98] *** Running xsim
   with args "SUDCWORAM3SO_SN74LS697_testbench_behav -key {Behavioral:sim_1:Functional:SUDCWORAM3SO_SN74LS697_testbench} -tclbatch {SUDCWORAM3SO_SN74LS697_testbench.tcl} -log {simulate.log}"
INFO: [USF-XSim-8] Loading simulator feature
Vivado Simulator 2018.2
Time resolution is 1 ps
source SUDCWORAM3SO_SN74LS697_testbench.tcl
# set curr_wave [current_wave_config]
# if { [string length $curr_wave] == 0 } {
#   if { [llength [get_objects]] > 0} {
#     add_wave /
#     set_property needs_save false [current_wave_config]
#   } else {
#      send_msg_id Add_Wave-1 WARNING "No top level signals found. Simulator will start without a wave window. If you want to open a wave window go to 'File->New Waveform Configuration' or type 'create_wave_config' in the TCL console."
#   }
# }
# run 100000ns
INFO: [USF-XSim-96] XSim completed. Design snapshot 'SUDCWORAM3SO_SN74LS697_testbench_behav' loaded.
INFO: [USF-XSim-97] XSim simulation ran for 100000ns
launch_simulation: Time (s): cpu = 00:00:01 ; elapsed = 00:00:07 . Memory (MB): peak = 905.457 ; gain = 0.000
close_sim
INFO: [Simtcl 6-16] Simulation closed
launch_simulation
INFO: [Vivado 12-5682] Launching behavioral simulation in 'C:/Users/1/Desktop/7sem/UPTSU/project_2_new/project_2_new.sim/sim_1/behav/xsim'
INFO: [SIM-utils-51] Simulation object is 'sim_1'
INFO: [SIM-utils-54] Inspecting design source files for 'SUDCWORAM3SO_SN74LS697_testbench' in fileset 'sim_1'...
INFO: [USF-XSim-97] Finding global include files...
INFO: [USF-XSim-98] Fetching design files from 'sim_1'...
INFO: [USF-XSim-2] XSim::Compile design
INFO: [USF-XSim-61] Executing 'COMPILE and ANALYZE' step in 'C:/Users/1/Desktop/7sem/UPTSU/project_2_new/project_2_new.sim/sim_1/behav/xsim'
"xvhdl --incr --relax -prj SUDCWORAM3SO_SN74LS697_testbench_vhdl.prj"
INFO: [VRFC 10-163] Analyzing VHDL file "C:/Users/1/Desktop/7sem/UPTSU/project_2_new/project_2_new.srcs/sources_1/new/SUDCWORAM3-SO.vhd" into library xil_defaultlib
INFO: [VRFC 10-307] analyzing entity SUDCWORAM3SO_SN74LS697
INFO: [USF-XSim-69] 'compile' step finished in '2' seconds
INFO: [USF-XSim-3] XSim::Elaborate design
INFO: [USF-XSim-61] Executing 'ELABORATE' step in 'C:/Users/1/Desktop/7sem/UPTSU/project_2_new/project_2_new.sim/sim_1/behav/xsim'
Vivado Simulator 2018.2
Copyright 1986-1999, 2001-2018 Xilinx, Inc. All Rights Reserved.
Running: D:/Software/Vivado/Vivado/2018.2/bin/unwrapped/win64.o/xelab.exe -wto 14eaf648cb1343b0b10e5fa219744865 --incr --debug typical --relax --mt 2 -L xil_defaultlib -L secureip --snapshot SUDCWORAM3SO_SN74LS697_testbench_behav xil_defaultlib.SUDCWORAM3SO_SN74LS697_testbench -log elaborate.log 
Using 2 slave threads.
Starting static elaboration
WARNING: [VRFC 10-122] jk_trigger_wrapper remains a black-box since it has no binding entity [C:/Users/1/Desktop/7sem/UPTSU/project_2_new/project_2_new.srcs/sources_1/new/SUDCWORAM3-SO.vhd:90]
WARNING: [VRFC 10-122] jk_trigger_wrapper remains a black-box since it has no binding entity [C:/Users/1/Desktop/7sem/UPTSU/project_2_new/project_2_new.srcs/sources_1/new/SUDCWORAM3-SO.vhd:99]
WARNING: [VRFC 10-122] jk_trigger_wrapper remains a black-box since it has no binding entity [C:/Users/1/Desktop/7sem/UPTSU/project_2_new/project_2_new.srcs/sources_1/new/SUDCWORAM3-SO.vhd:108]
WARNING: [VRFC 10-122] jk_trigger_wrapper remains a black-box since it has no binding entity [C:/Users/1/Desktop/7sem/UPTSU/project_2_new/project_2_new.srcs/sources_1/new/SUDCWORAM3-SO.vhd:117]
WARNING: [VRFC 10-122] jk_trigger_wrapper remains a black-box since it has no binding entity [C:/Users/1/Desktop/7sem/UPTSU/project_2_new/project_2_new.srcs/sources_1/new/SUDCWORAM3-SO.vhd:126]
WARNING: [VRFC 10-122] jk_trigger_wrapper remains a black-box since it has no binding entity [C:/Users/1/Desktop/7sem/UPTSU/project_2_new/project_2_new.srcs/sources_1/new/SUDCWORAM3-SO.vhd:134]
WARNING: [VRFC 10-122] jk_trigger_wrapper remains a black-box since it has no binding entity [C:/Users/1/Desktop/7sem/UPTSU/project_2_new/project_2_new.srcs/sources_1/new/SUDCWORAM3-SO.vhd:142]
WARNING: [VRFC 10-122] jk_trigger_wrapper remains a black-box since it has no binding entity [C:/Users/1/Desktop/7sem/UPTSU/project_2_new/project_2_new.srcs/sources_1/new/SUDCWORAM3-SO.vhd:150]
Completed static elaboration
Starting simulation data flow analysis
Completed simulation data flow analysis
Time Resolution for simulation is 1ps
Compiling package std.standard
Compiling package std.textio
Compiling package ieee.std_logic_1164
Compiling architecture behavioral of entity xil_defaultlib.SUDCWORAM3SO_SN74LS697 [sudcworam3so_sn74ls697_default]
Compiling architecture behavioral of entity xil_defaultlib.sudcworam3so_sn74ls697_testbench
Built simulation snapshot SUDCWORAM3SO_SN74LS697_testbench_behav
INFO: [USF-XSim-69] 'elaborate' step finished in '2' seconds
INFO: [USF-XSim-4] XSim::Simulate design
INFO: [USF-XSim-61] Executing 'SIMULATE' step in 'C:/Users/1/Desktop/7sem/UPTSU/project_2_new/project_2_new.sim/sim_1/behav/xsim'
INFO: [USF-XSim-98] *** Running xsim
   with args "SUDCWORAM3SO_SN74LS697_testbench_behav -key {Behavioral:sim_1:Functional:SUDCWORAM3SO_SN74LS697_testbench} -tclbatch {SUDCWORAM3SO_SN74LS697_testbench.tcl} -log {simulate.log}"
INFO: [USF-XSim-8] Loading simulator feature
Vivado Simulator 2018.2
Time resolution is 1 ps
source SUDCWORAM3SO_SN74LS697_testbench.tcl
# set curr_wave [current_wave_config]
# if { [string length $curr_wave] == 0 } {
#   if { [llength [get_objects]] > 0} {
#     add_wave /
#     set_property needs_save false [current_wave_config]
#   } else {
#      send_msg_id Add_Wave-1 WARNING "No top level signals found. Simulator will start without a wave window. If you want to open a wave window go to 'File->New Waveform Configuration' or type 'create_wave_config' in the TCL console."
#   }
# }
# run 100000ns
INFO: [USF-XSim-96] XSim completed. Design snapshot 'SUDCWORAM3SO_SN74LS697_testbench_behav' loaded.
INFO: [USF-XSim-97] XSim simulation ran for 100000ns
launch_simulation: Time (s): cpu = 00:00:00 ; elapsed = 00:00:07 . Memory (MB): peak = 905.457 ; gain = 0.000
close_sim
INFO: [Simtcl 6-16] Simulation closed
launch_simulation
INFO: [Vivado 12-5682] Launching behavioral simulation in 'C:/Users/1/Desktop/7sem/UPTSU/project_2_new/project_2_new.sim/sim_1/behav/xsim'
INFO: [SIM-utils-51] Simulation object is 'sim_1'
INFO: [SIM-utils-54] Inspecting design source files for 'SUDCWORAM3SO_SN74LS697_testbench' in fileset 'sim_1'...
INFO: [USF-XSim-97] Finding global include files...
INFO: [USF-XSim-98] Fetching design files from 'sim_1'...
INFO: [USF-XSim-2] XSim::Compile design
INFO: [USF-XSim-61] Executing 'COMPILE and ANALYZE' step in 'C:/Users/1/Desktop/7sem/UPTSU/project_2_new/project_2_new.sim/sim_1/behav/xsim'
"xvhdl --incr --relax -prj SUDCWORAM3SO_SN74LS697_testbench_vhdl.prj"
INFO: [VRFC 10-163] Analyzing VHDL file "C:/Users/1/Desktop/7sem/UPTSU/project_2_new/project_2_new.srcs/sim_1/new/SUDCWORAM3SO_SN74LS697_testbench.vhd" into library xil_defaultlib
INFO: [VRFC 10-307] analyzing entity SUDCWORAM3SO_SN74LS697_testbench
INFO: [USF-XSim-69] 'compile' step finished in '2' seconds
INFO: [USF-XSim-3] XSim::Elaborate design
INFO: [USF-XSim-61] Executing 'ELABORATE' step in 'C:/Users/1/Desktop/7sem/UPTSU/project_2_new/project_2_new.sim/sim_1/behav/xsim'
Vivado Simulator 2018.2
Copyright 1986-1999, 2001-2018 Xilinx, Inc. All Rights Reserved.
Running: D:/Software/Vivado/Vivado/2018.2/bin/unwrapped/win64.o/xelab.exe -wto 14eaf648cb1343b0b10e5fa219744865 --incr --debug typical --relax --mt 2 -L xil_defaultlib -L secureip --snapshot SUDCWORAM3SO_SN74LS697_testbench_behav xil_defaultlib.SUDCWORAM3SO_SN74LS697_testbench -log elaborate.log 
Using 2 slave threads.
Starting static elaboration
WARNING: [VRFC 10-122] jk_trigger_wrapper remains a black-box since it has no binding entity [C:/Users/1/Desktop/7sem/UPTSU/project_2_new/project_2_new.srcs/sources_1/new/SUDCWORAM3-SO.vhd:90]
WARNING: [VRFC 10-122] jk_trigger_wrapper remains a black-box since it has no binding entity [C:/Users/1/Desktop/7sem/UPTSU/project_2_new/project_2_new.srcs/sources_1/new/SUDCWORAM3-SO.vhd:99]
WARNING: [VRFC 10-122] jk_trigger_wrapper remains a black-box since it has no binding entity [C:/Users/1/Desktop/7sem/UPTSU/project_2_new/project_2_new.srcs/sources_1/new/SUDCWORAM3-SO.vhd:108]
WARNING: [VRFC 10-122] jk_trigger_wrapper remains a black-box since it has no binding entity [C:/Users/1/Desktop/7sem/UPTSU/project_2_new/project_2_new.srcs/sources_1/new/SUDCWORAM3-SO.vhd:117]
WARNING: [VRFC 10-122] jk_trigger_wrapper remains a black-box since it has no binding entity [C:/Users/1/Desktop/7sem/UPTSU/project_2_new/project_2_new.srcs/sources_1/new/SUDCWORAM3-SO.vhd:126]
WARNING: [VRFC 10-122] jk_trigger_wrapper remains a black-box since it has no binding entity [C:/Users/1/Desktop/7sem/UPTSU/project_2_new/project_2_new.srcs/sources_1/new/SUDCWORAM3-SO.vhd:134]
WARNING: [VRFC 10-122] jk_trigger_wrapper remains a black-box since it has no binding entity [C:/Users/1/Desktop/7sem/UPTSU/project_2_new/project_2_new.srcs/sources_1/new/SUDCWORAM3-SO.vhd:142]
WARNING: [VRFC 10-122] jk_trigger_wrapper remains a black-box since it has no binding entity [C:/Users/1/Desktop/7sem/UPTSU/project_2_new/project_2_new.srcs/sources_1/new/SUDCWORAM3-SO.vhd:150]
Completed static elaboration
Starting simulation data flow analysis
Completed simulation data flow analysis
Time Resolution for simulation is 1ps
Compiling package std.standard
Compiling package std.textio
Compiling package ieee.std_logic_1164
Compiling architecture behavioral of entity xil_defaultlib.SUDCWORAM3SO_SN74LS697 [sudcworam3so_sn74ls697_default]
Compiling architecture behavioral of entity xil_defaultlib.sudcworam3so_sn74ls697_testbench
Built simulation snapshot SUDCWORAM3SO_SN74LS697_testbench_behav
INFO: [USF-XSim-69] 'elaborate' step finished in '2' seconds
INFO: [USF-XSim-4] XSim::Simulate design
INFO: [USF-XSim-61] Executing 'SIMULATE' step in 'C:/Users/1/Desktop/7sem/UPTSU/project_2_new/project_2_new.sim/sim_1/behav/xsim'
INFO: [USF-XSim-98] *** Running xsim
   with args "SUDCWORAM3SO_SN74LS697_testbench_behav -key {Behavioral:sim_1:Functional:SUDCWORAM3SO_SN74LS697_testbench} -tclbatch {SUDCWORAM3SO_SN74LS697_testbench.tcl} -log {simulate.log}"
INFO: [USF-XSim-8] Loading simulator feature
Vivado Simulator 2018.2
Time resolution is 1 ps
source SUDCWORAM3SO_SN74LS697_testbench.tcl
# set curr_wave [current_wave_config]
# if { [string length $curr_wave] == 0 } {
#   if { [llength [get_objects]] > 0} {
#     add_wave /
#     set_property needs_save false [current_wave_config]
#   } else {
#      send_msg_id Add_Wave-1 WARNING "No top level signals found. Simulator will start without a wave window. If you want to open a wave window go to 'File->New Waveform Configuration' or type 'create_wave_config' in the TCL console."
#   }
# }
# run 100000ns
INFO: [USF-XSim-96] XSim completed. Design snapshot 'SUDCWORAM3SO_SN74LS697_testbench_behav' loaded.
INFO: [USF-XSim-97] XSim simulation ran for 100000ns
launch_simulation: Time (s): cpu = 00:00:01 ; elapsed = 00:00:07 . Memory (MB): peak = 908.641 ; gain = 0.000
set_property -name {xsim.simulate.runtime} -value {81920ns} -objects [get_filesets sim_1]
update_ip_catalog
WARNING: [filemgmt 56-199] Attempt to get parsing info during refresh. "On-the-fly" syntax checking information may be incorrect. [C:/Users/1/Desktop/7sem/UPTSU/project_2_new/project_2_new.srcs/sim_1/new/SUDCWORAM3SO_SN74LS697_testbench.vhd:]
WARNING: [filemgmt 56-199] Attempt to get parsing info during refresh. "On-the-fly" syntax checking information may be incorrect. [C:/Users/1/Desktop/7sem/UPTSU/project_2_new/project_2_new.srcs/sources_1/new/JK_trigger.vhd:]
WARNING: [filemgmt 56-199] Attempt to get parsing info during refresh. "On-the-fly" syntax checking information may be incorrect. [C:/Users/1/Desktop/7sem/UPTSU/project_2_new/project_2_new.srcs/sources_1/new/SUDCWORAM3-SO.vhd:]
WARNING: [filemgmt 56-199] Attempt to get parsing info during refresh. "On-the-fly" syntax checking information may be incorrect. [C:/Users/1/Desktop/7sem/UPTSU/project_2_new/project_2_new.srcs/sources_1/new/JK_wrapper.vhd:]
WARNING: [filemgmt 56-199] Attempt to get parsing info during refresh. "On-the-fly" syntax checking information may be incorrect. [C:/Users/1/Desktop/7sem/UPTSU/project_2_new/project_2_new.srcs/sim_1/new/JK_trigger_testbench.vhd:]
WARNING: [filemgmt 56-199] Attempt to get parsing info during refresh. "On-the-fly" syntax checking information may be incorrect. [C:/Users/1/Desktop/7sem/UPTSU/project_2_new/project_2_new.srcs/sim_1/new/SUDCWORAM3SO_SN74LS697_testbench.vhd:]
WARNING: [filemgmt 56-199] Attempt to get parsing info during refresh. "On-the-fly" syntax checking information may be incorrect. [C:/Users/1/Desktop/7sem/UPTSU/project_2_new/project_2_new.srcs/sources_1/new/JK_trigger.vhd:]
WARNING: [filemgmt 56-199] Attempt to get parsing info during refresh. "On-the-fly" syntax checking information may be incorrect. [C:/Users/1/Desktop/7sem/UPTSU/project_2_new/project_2_new.srcs/sources_1/new/SUDCWORAM3-SO.vhd:]
WARNING: [filemgmt 56-199] Attempt to get parsing info during refresh. "On-the-fly" syntax checking information may be incorrect. [C:/Users/1/Desktop/7sem/UPTSU/project_2_new/project_2_new.srcs/sources_1/new/JK_wrapper.vhd:]
WARNING: [filemgmt 56-199] Attempt to get parsing info during refresh. "On-the-fly" syntax checking information may be incorrect. [C:/Users/1/Desktop/7sem/UPTSU/project_2_new/project_2_new.srcs/sim_1/new/JK_trigger_testbench.vhd:]
WARNING: [filemgmt 56-199] Attempt to get parsing info during refresh. "On-the-fly" syntax checking information may be incorrect. [C:/Users/1/Desktop/7sem/UPTSU/project_2_new/project_2_new.srcs/sim_1/new/SUDCWORAM3SO_SN74LS697_testbench.vhd:]
WARNING: [filemgmt 56-199] Attempt to get parsing info during refresh. "On-the-fly" syntax checking information may be incorrect. [C:/Users/1/Desktop/7sem/UPTSU/project_2_new/project_2_new.srcs/sources_1/new/JK_trigger.vhd:]
WARNING: [filemgmt 56-199] Attempt to get parsing info during refresh. "On-the-fly" syntax checking information may be incorrect. [C:/Users/1/Desktop/7sem/UPTSU/project_2_new/project_2_new.srcs/sources_1/new/SUDCWORAM3-SO.vhd:]
WARNING: [filemgmt 56-199] Attempt to get parsing info during refresh. "On-the-fly" syntax checking information may be incorrect. [C:/Users/1/Desktop/7sem/UPTSU/project_2_new/project_2_new.srcs/sources_1/new/JK_wrapper.vhd:]
WARNING: [filemgmt 56-199] Attempt to get parsing info during refresh. "On-the-fly" syntax checking information may be incorrect. [C:/Users/1/Desktop/7sem/UPTSU/project_2_new/project_2_new.srcs/sim_1/new/JK_trigger_testbench.vhd:]
update_ip_catalog
close_sim
INFO: [Simtcl 6-16] Simulation closed
launch_simulation
INFO: [Vivado 12-5682] Launching behavioral simulation in 'C:/Users/1/Desktop/7sem/UPTSU/project_2_new/project_2_new.sim/sim_1/behav/xsim'
INFO: [SIM-utils-51] Simulation object is 'sim_1'
INFO: [SIM-utils-54] Inspecting design source files for 'SUDCWORAM3SO_SN74LS697_testbench' in fileset 'sim_1'...
INFO: [USF-XSim-97] Finding global include files...
INFO: [USF-XSim-98] Fetching design files from 'sim_1'...
INFO: [USF-XSim-2] XSim::Compile design
INFO: [USF-XSim-61] Executing 'COMPILE and ANALYZE' step in 'C:/Users/1/Desktop/7sem/UPTSU/project_2_new/project_2_new.sim/sim_1/behav/xsim'
"xvhdl --incr --relax -prj SUDCWORAM3SO_SN74LS697_testbench_vhdl.prj"
INFO: [USF-XSim-69] 'compile' step finished in '1' seconds
INFO: [USF-XSim-3] XSim::Elaborate design
INFO: [USF-XSim-61] Executing 'ELABORATE' step in 'C:/Users/1/Desktop/7sem/UPTSU/project_2_new/project_2_new.sim/sim_1/behav/xsim'
Vivado Simulator 2018.2
Copyright 1986-1999, 2001-2018 Xilinx, Inc. All Rights Reserved.
Running: D:/Software/Vivado/Vivado/2018.2/bin/unwrapped/win64.o/xelab.exe -wto 14eaf648cb1343b0b10e5fa219744865 --incr --debug typical --relax --mt 2 -L xil_defaultlib -L secureip --snapshot SUDCWORAM3SO_SN74LS697_testbench_behav xil_defaultlib.SUDCWORAM3SO_SN74LS697_testbench -log elaborate.log 
Using 2 slave threads.
Starting static elaboration
WARNING: [VRFC 10-122] jk_trigger_wrapper remains a black-box since it has no binding entity [C:/Users/1/Desktop/7sem/UPTSU/project_2_new/project_2_new.srcs/sources_1/new/SUDCWORAM3-SO.vhd:90]
WARNING: [VRFC 10-122] jk_trigger_wrapper remains a black-box since it has no binding entity [C:/Users/1/Desktop/7sem/UPTSU/project_2_new/project_2_new.srcs/sources_1/new/SUDCWORAM3-SO.vhd:99]
WARNING: [VRFC 10-122] jk_trigger_wrapper remains a black-box since it has no binding entity [C:/Users/1/Desktop/7sem/UPTSU/project_2_new/project_2_new.srcs/sources_1/new/SUDCWORAM3-SO.vhd:108]
WARNING: [VRFC 10-122] jk_trigger_wrapper remains a black-box since it has no binding entity [C:/Users/1/Desktop/7sem/UPTSU/project_2_new/project_2_new.srcs/sources_1/new/SUDCWORAM3-SO.vhd:117]
WARNING: [VRFC 10-122] jk_trigger_wrapper remains a black-box since it has no binding entity [C:/Users/1/Desktop/7sem/UPTSU/project_2_new/project_2_new.srcs/sources_1/new/SUDCWORAM3-SO.vhd:126]
WARNING: [VRFC 10-122] jk_trigger_wrapper remains a black-box since it has no binding entity [C:/Users/1/Desktop/7sem/UPTSU/project_2_new/project_2_new.srcs/sources_1/new/SUDCWORAM3-SO.vhd:134]
WARNING: [VRFC 10-122] jk_trigger_wrapper remains a black-box since it has no binding entity [C:/Users/1/Desktop/7sem/UPTSU/project_2_new/project_2_new.srcs/sources_1/new/SUDCWORAM3-SO.vhd:142]
WARNING: [VRFC 10-122] jk_trigger_wrapper remains a black-box since it has no binding entity [C:/Users/1/Desktop/7sem/UPTSU/project_2_new/project_2_new.srcs/sources_1/new/SUDCWORAM3-SO.vhd:150]
Completed static elaboration
INFO: [XSIM 43-4323] No Change in HDL. Linking previously generated obj files to create kernel
INFO: [USF-XSim-69] 'elaborate' step finished in '2' seconds
INFO: [USF-XSim-4] XSim::Simulate design
INFO: [USF-XSim-61] Executing 'SIMULATE' step in 'C:/Users/1/Desktop/7sem/UPTSU/project_2_new/project_2_new.sim/sim_1/behav/xsim'
INFO: [USF-XSim-98] *** Running xsim
   with args "SUDCWORAM3SO_SN74LS697_testbench_behav -key {Behavioral:sim_1:Functional:SUDCWORAM3SO_SN74LS697_testbench} -tclbatch {SUDCWORAM3SO_SN74LS697_testbench.tcl} -log {simulate.log}"
INFO: [USF-XSim-8] Loading simulator feature
Vivado Simulator 2018.2
Time resolution is 1 ps
source SUDCWORAM3SO_SN74LS697_testbench.tcl
# set curr_wave [current_wave_config]
# if { [string length $curr_wave] == 0 } {
#   if { [llength [get_objects]] > 0} {
#     add_wave /
#     set_property needs_save false [current_wave_config]
#   } else {
#      send_msg_id Add_Wave-1 WARNING "No top level signals found. Simulator will start without a wave window. If you want to open a wave window go to 'File->New Waveform Configuration' or type 'create_wave_config' in the TCL console."
#   }
# }
# run 81920ns
INFO: [USF-XSim-96] XSim completed. Design snapshot 'SUDCWORAM3SO_SN74LS697_testbench_behav' loaded.
INFO: [USF-XSim-97] XSim simulation ran for 81920ns
launch_simulation: Time (s): cpu = 00:00:01 ; elapsed = 00:00:06 . Memory (MB): peak = 915.996 ; gain = 0.000
close_sim
INFO: [Simtcl 6-16] Simulation closed
launch_simulation
INFO: [Vivado 12-5682] Launching behavioral simulation in 'C:/Users/1/Desktop/7sem/UPTSU/project_2_new/project_2_new.sim/sim_1/behav/xsim'
INFO: [SIM-utils-51] Simulation object is 'sim_1'
INFO: [SIM-utils-54] Inspecting design source files for 'SUDCWORAM3SO_SN74LS697_testbench' in fileset 'sim_1'...
INFO: [USF-XSim-97] Finding global include files...
INFO: [USF-XSim-98] Fetching design files from 'sim_1'...
INFO: [USF-XSim-2] XSim::Compile design
INFO: [USF-XSim-61] Executing 'COMPILE and ANALYZE' step in 'C:/Users/1/Desktop/7sem/UPTSU/project_2_new/project_2_new.sim/sim_1/behav/xsim'
"xvhdl --incr --relax -prj SUDCWORAM3SO_SN74LS697_testbench_vhdl.prj"
INFO: [VRFC 10-163] Analyzing VHDL file "C:/Users/1/Desktop/7sem/UPTSU/project_2_new/project_2_new.srcs/sources_1/new/SUDCWORAM3-SO.vhd" into library xil_defaultlib
INFO: [VRFC 10-307] analyzing entity SUDCWORAM3SO_SN74LS697
INFO: [VRFC 10-163] Analyzing VHDL file "C:/Users/1/Desktop/7sem/UPTSU/project_2_new/project_2_new.srcs/sim_1/new/SUDCWORAM3SO_SN74LS697_testbench.vhd" into library xil_defaultlib
INFO: [VRFC 10-307] analyzing entity SUDCWORAM3SO_SN74LS697_testbench
INFO: [USF-XSim-69] 'compile' step finished in '2' seconds
INFO: [USF-XSim-3] XSim::Elaborate design
INFO: [USF-XSim-61] Executing 'ELABORATE' step in 'C:/Users/1/Desktop/7sem/UPTSU/project_2_new/project_2_new.sim/sim_1/behav/xsim'
Vivado Simulator 2018.2
Copyright 1986-1999, 2001-2018 Xilinx, Inc. All Rights Reserved.
Running: D:/Software/Vivado/Vivado/2018.2/bin/unwrapped/win64.o/xelab.exe -wto 14eaf648cb1343b0b10e5fa219744865 --incr --debug typical --relax --mt 2 -L xil_defaultlib -L secureip --snapshot SUDCWORAM3SO_SN74LS697_testbench_behav xil_defaultlib.SUDCWORAM3SO_SN74LS697_testbench -log elaborate.log 
Using 2 slave threads.
Starting static elaboration
WARNING: [VRFC 10-122] jk_trigger_wrapper remains a black-box since it has no binding entity [C:/Users/1/Desktop/7sem/UPTSU/project_2_new/project_2_new.srcs/sources_1/new/SUDCWORAM3-SO.vhd:94]
WARNING: [VRFC 10-122] jk_trigger_wrapper remains a black-box since it has no binding entity [C:/Users/1/Desktop/7sem/UPTSU/project_2_new/project_2_new.srcs/sources_1/new/SUDCWORAM3-SO.vhd:103]
WARNING: [VRFC 10-122] jk_trigger_wrapper remains a black-box since it has no binding entity [C:/Users/1/Desktop/7sem/UPTSU/project_2_new/project_2_new.srcs/sources_1/new/SUDCWORAM3-SO.vhd:112]
WARNING: [VRFC 10-122] jk_trigger_wrapper remains a black-box since it has no binding entity [C:/Users/1/Desktop/7sem/UPTSU/project_2_new/project_2_new.srcs/sources_1/new/SUDCWORAM3-SO.vhd:121]
WARNING: [VRFC 10-122] jk_trigger_wrapper remains a black-box since it has no binding entity [C:/Users/1/Desktop/7sem/UPTSU/project_2_new/project_2_new.srcs/sources_1/new/SUDCWORAM3-SO.vhd:130]
WARNING: [VRFC 10-122] jk_trigger_wrapper remains a black-box since it has no binding entity [C:/Users/1/Desktop/7sem/UPTSU/project_2_new/project_2_new.srcs/sources_1/new/SUDCWORAM3-SO.vhd:138]
WARNING: [VRFC 10-122] jk_trigger_wrapper remains a black-box since it has no binding entity [C:/Users/1/Desktop/7sem/UPTSU/project_2_new/project_2_new.srcs/sources_1/new/SUDCWORAM3-SO.vhd:146]
WARNING: [VRFC 10-122] jk_trigger_wrapper remains a black-box since it has no binding entity [C:/Users/1/Desktop/7sem/UPTSU/project_2_new/project_2_new.srcs/sources_1/new/SUDCWORAM3-SO.vhd:154]
Completed static elaboration
Starting simulation data flow analysis
Completed simulation data flow analysis
Time Resolution for simulation is 1ps
Compiling package std.standard
Compiling package std.textio
Compiling package ieee.std_logic_1164
Compiling architecture behavioral of entity xil_defaultlib.SUDCWORAM3SO_SN74LS697 [sudcworam3so_sn74ls697_default]
Compiling architecture behavioral of entity xil_defaultlib.sudcworam3so_sn74ls697_testbench
Built simulation snapshot SUDCWORAM3SO_SN74LS697_testbench_behav
INFO: [USF-XSim-69] 'elaborate' step finished in '2' seconds
INFO: [USF-XSim-4] XSim::Simulate design
INFO: [USF-XSim-61] Executing 'SIMULATE' step in 'C:/Users/1/Desktop/7sem/UPTSU/project_2_new/project_2_new.sim/sim_1/behav/xsim'
INFO: [USF-XSim-98] *** Running xsim
   with args "SUDCWORAM3SO_SN74LS697_testbench_behav -key {Behavioral:sim_1:Functional:SUDCWORAM3SO_SN74LS697_testbench} -tclbatch {SUDCWORAM3SO_SN74LS697_testbench.tcl} -log {simulate.log}"
INFO: [USF-XSim-8] Loading simulator feature
Vivado Simulator 2018.2
Time resolution is 1 ps
source SUDCWORAM3SO_SN74LS697_testbench.tcl
# set curr_wave [current_wave_config]
# if { [string length $curr_wave] == 0 } {
#   if { [llength [get_objects]] > 0} {
#     add_wave /
#     set_property needs_save false [current_wave_config]
#   } else {
#      send_msg_id Add_Wave-1 WARNING "No top level signals found. Simulator will start without a wave window. If you want to open a wave window go to 'File->New Waveform Configuration' or type 'create_wave_config' in the TCL console."
#   }
# }
# run 81920ns
INFO: [USF-XSim-96] XSim completed. Design snapshot 'SUDCWORAM3SO_SN74LS697_testbench_behav' loaded.
INFO: [USF-XSim-97] XSim simulation ran for 81920ns
launch_simulation: Time (s): cpu = 00:00:01 ; elapsed = 00:00:06 . Memory (MB): peak = 915.996 ; gain = 0.000
close_sim
INFO: [Simtcl 6-16] Simulation closed
launch_simulation
INFO: [Vivado 12-5682] Launching behavioral simulation in 'C:/Users/1/Desktop/7sem/UPTSU/project_2_new/project_2_new.sim/sim_1/behav/xsim'
INFO: [SIM-utils-51] Simulation object is 'sim_1'
INFO: [SIM-utils-54] Inspecting design source files for 'SUDCWORAM3SO_SN74LS697_testbench' in fileset 'sim_1'...
INFO: [USF-XSim-97] Finding global include files...
INFO: [USF-XSim-98] Fetching design files from 'sim_1'...
INFO: [USF-XSim-2] XSim::Compile design
INFO: [USF-XSim-61] Executing 'COMPILE and ANALYZE' step in 'C:/Users/1/Desktop/7sem/UPTSU/project_2_new/project_2_new.sim/sim_1/behav/xsim'
"xvhdl --incr --relax -prj SUDCWORAM3SO_SN74LS697_testbench_vhdl.prj"
INFO: [VRFC 10-163] Analyzing VHDL file "C:/Users/1/Desktop/7sem/UPTSU/project_2_new/project_2_new.srcs/sources_1/new/SUDCWORAM3-SO.vhd" into library xil_defaultlib
INFO: [VRFC 10-307] analyzing entity SUDCWORAM3SO_SN74LS697
INFO: [VRFC 10-163] Analyzing VHDL file "C:/Users/1/Desktop/7sem/UPTSU/project_2_new/project_2_new.srcs/sim_1/new/SUDCWORAM3SO_SN74LS697_testbench.vhd" into library xil_defaultlib
INFO: [VRFC 10-307] analyzing entity SUDCWORAM3SO_SN74LS697_testbench
INFO: [USF-XSim-69] 'compile' step finished in '2' seconds
INFO: [USF-XSim-3] XSim::Elaborate design
INFO: [USF-XSim-61] Executing 'ELABORATE' step in 'C:/Users/1/Desktop/7sem/UPTSU/project_2_new/project_2_new.sim/sim_1/behav/xsim'
Vivado Simulator 2018.2
Copyright 1986-1999, 2001-2018 Xilinx, Inc. All Rights Reserved.
Running: D:/Software/Vivado/Vivado/2018.2/bin/unwrapped/win64.o/xelab.exe -wto 14eaf648cb1343b0b10e5fa219744865 --incr --debug typical --relax --mt 2 -L xil_defaultlib -L secureip --snapshot SUDCWORAM3SO_SN74LS697_testbench_behav xil_defaultlib.SUDCWORAM3SO_SN74LS697_testbench -log elaborate.log 
Using 2 slave threads.
Starting static elaboration
WARNING: [VRFC 10-122] jk_trigger_wrapper remains a black-box since it has no binding entity [C:/Users/1/Desktop/7sem/UPTSU/project_2_new/project_2_new.srcs/sources_1/new/SUDCWORAM3-SO.vhd:98]
WARNING: [VRFC 10-122] jk_trigger_wrapper remains a black-box since it has no binding entity [C:/Users/1/Desktop/7sem/UPTSU/project_2_new/project_2_new.srcs/sources_1/new/SUDCWORAM3-SO.vhd:107]
WARNING: [VRFC 10-122] jk_trigger_wrapper remains a black-box since it has no binding entity [C:/Users/1/Desktop/7sem/UPTSU/project_2_new/project_2_new.srcs/sources_1/new/SUDCWORAM3-SO.vhd:116]
WARNING: [VRFC 10-122] jk_trigger_wrapper remains a black-box since it has no binding entity [C:/Users/1/Desktop/7sem/UPTSU/project_2_new/project_2_new.srcs/sources_1/new/SUDCWORAM3-SO.vhd:125]
WARNING: [VRFC 10-122] jk_trigger_wrapper remains a black-box since it has no binding entity [C:/Users/1/Desktop/7sem/UPTSU/project_2_new/project_2_new.srcs/sources_1/new/SUDCWORAM3-SO.vhd:134]
WARNING: [VRFC 10-122] jk_trigger_wrapper remains a black-box since it has no binding entity [C:/Users/1/Desktop/7sem/UPTSU/project_2_new/project_2_new.srcs/sources_1/new/SUDCWORAM3-SO.vhd:142]
WARNING: [VRFC 10-122] jk_trigger_wrapper remains a black-box since it has no binding entity [C:/Users/1/Desktop/7sem/UPTSU/project_2_new/project_2_new.srcs/sources_1/new/SUDCWORAM3-SO.vhd:150]
WARNING: [VRFC 10-122] jk_trigger_wrapper remains a black-box since it has no binding entity [C:/Users/1/Desktop/7sem/UPTSU/project_2_new/project_2_new.srcs/sources_1/new/SUDCWORAM3-SO.vhd:158]
Completed static elaboration
Starting simulation data flow analysis
Completed simulation data flow analysis
Time Resolution for simulation is 1ps
Compiling package std.standard
Compiling package std.textio
Compiling package ieee.std_logic_1164
Compiling architecture behavioral of entity xil_defaultlib.SUDCWORAM3SO_SN74LS697 [sudcworam3so_sn74ls697_default]
Compiling architecture behavioral of entity xil_defaultlib.sudcworam3so_sn74ls697_testbench
Built simulation snapshot SUDCWORAM3SO_SN74LS697_testbench_behav
INFO: [USF-XSim-69] 'elaborate' step finished in '3' seconds
INFO: [USF-XSim-4] XSim::Simulate design
INFO: [USF-XSim-61] Executing 'SIMULATE' step in 'C:/Users/1/Desktop/7sem/UPTSU/project_2_new/project_2_new.sim/sim_1/behav/xsim'
INFO: [USF-XSim-98] *** Running xsim
   with args "SUDCWORAM3SO_SN74LS697_testbench_behav -key {Behavioral:sim_1:Functional:SUDCWORAM3SO_SN74LS697_testbench} -tclbatch {SUDCWORAM3SO_SN74LS697_testbench.tcl} -log {simulate.log}"
INFO: [USF-XSim-8] Loading simulator feature
Vivado Simulator 2018.2
Time resolution is 1 ps
source SUDCWORAM3SO_SN74LS697_testbench.tcl
# set curr_wave [current_wave_config]
# if { [string length $curr_wave] == 0 } {
#   if { [llength [get_objects]] > 0} {
#     add_wave /
#     set_property needs_save false [current_wave_config]
#   } else {
#      send_msg_id Add_Wave-1 WARNING "No top level signals found. Simulator will start without a wave window. If you want to open a wave window go to 'File->New Waveform Configuration' or type 'create_wave_config' in the TCL console."
#   }
# }
# run 81920ns
INFO: [USF-XSim-96] XSim completed. Design snapshot 'SUDCWORAM3SO_SN74LS697_testbench_behav' loaded.
INFO: [USF-XSim-97] XSim simulation ran for 81920ns
launch_simulation: Time (s): cpu = 00:00:02 ; elapsed = 00:00:09 . Memory (MB): peak = 915.996 ; gain = 0.000
close_sim
INFO: [Simtcl 6-16] Simulation closed
launch_simulation
INFO: [Vivado 12-5682] Launching behavioral simulation in 'C:/Users/1/Desktop/7sem/UPTSU/project_2_new/project_2_new.sim/sim_1/behav/xsim'
INFO: [SIM-utils-51] Simulation object is 'sim_1'
INFO: [SIM-utils-54] Inspecting design source files for 'SUDCWORAM3SO_SN74LS697_testbench' in fileset 'sim_1'...
INFO: [USF-XSim-97] Finding global include files...
INFO: [USF-XSim-98] Fetching design files from 'sim_1'...
INFO: [USF-XSim-2] XSim::Compile design
INFO: [USF-XSim-61] Executing 'COMPILE and ANALYZE' step in 'C:/Users/1/Desktop/7sem/UPTSU/project_2_new/project_2_new.sim/sim_1/behav/xsim'
"xvhdl --incr --relax -prj SUDCWORAM3SO_SN74LS697_testbench_vhdl.prj"
INFO: [VRFC 10-163] Analyzing VHDL file "C:/Users/1/Desktop/7sem/UPTSU/project_2_new/project_2_new.srcs/sources_1/new/SUDCWORAM3-SO.vhd" into library xil_defaultlib
INFO: [VRFC 10-307] analyzing entity SUDCWORAM3SO_SN74LS697
INFO: [USF-XSim-69] 'compile' step finished in '2' seconds
INFO: [USF-XSim-3] XSim::Elaborate design
INFO: [USF-XSim-61] Executing 'ELABORATE' step in 'C:/Users/1/Desktop/7sem/UPTSU/project_2_new/project_2_new.sim/sim_1/behav/xsim'
Vivado Simulator 2018.2
Copyright 1986-1999, 2001-2018 Xilinx, Inc. All Rights Reserved.
Running: D:/Software/Vivado/Vivado/2018.2/bin/unwrapped/win64.o/xelab.exe -wto 14eaf648cb1343b0b10e5fa219744865 --incr --debug typical --relax --mt 2 -L xil_defaultlib -L secureip --snapshot SUDCWORAM3SO_SN74LS697_testbench_behav xil_defaultlib.SUDCWORAM3SO_SN74LS697_testbench -log elaborate.log 
Using 2 slave threads.
Starting static elaboration
WARNING: [VRFC 10-122] jk_trigger_wrapper remains a black-box since it has no binding entity [C:/Users/1/Desktop/7sem/UPTSU/project_2_new/project_2_new.srcs/sources_1/new/SUDCWORAM3-SO.vhd:98]
WARNING: [VRFC 10-122] jk_trigger_wrapper remains a black-box since it has no binding entity [C:/Users/1/Desktop/7sem/UPTSU/project_2_new/project_2_new.srcs/sources_1/new/SUDCWORAM3-SO.vhd:107]
WARNING: [VRFC 10-122] jk_trigger_wrapper remains a black-box since it has no binding entity [C:/Users/1/Desktop/7sem/UPTSU/project_2_new/project_2_new.srcs/sources_1/new/SUDCWORAM3-SO.vhd:116]
WARNING: [VRFC 10-122] jk_trigger_wrapper remains a black-box since it has no binding entity [C:/Users/1/Desktop/7sem/UPTSU/project_2_new/project_2_new.srcs/sources_1/new/SUDCWORAM3-SO.vhd:125]
WARNING: [VRFC 10-122] jk_trigger_wrapper remains a black-box since it has no binding entity [C:/Users/1/Desktop/7sem/UPTSU/project_2_new/project_2_new.srcs/sources_1/new/SUDCWORAM3-SO.vhd:134]
WARNING: [VRFC 10-122] jk_trigger_wrapper remains a black-box since it has no binding entity [C:/Users/1/Desktop/7sem/UPTSU/project_2_new/project_2_new.srcs/sources_1/new/SUDCWORAM3-SO.vhd:142]
WARNING: [VRFC 10-122] jk_trigger_wrapper remains a black-box since it has no binding entity [C:/Users/1/Desktop/7sem/UPTSU/project_2_new/project_2_new.srcs/sources_1/new/SUDCWORAM3-SO.vhd:150]
WARNING: [VRFC 10-122] jk_trigger_wrapper remains a black-box since it has no binding entity [C:/Users/1/Desktop/7sem/UPTSU/project_2_new/project_2_new.srcs/sources_1/new/SUDCWORAM3-SO.vhd:158]
Completed static elaboration
Starting simulation data flow analysis
Completed simulation data flow analysis
Time Resolution for simulation is 1ps
Compiling package std.standard
Compiling package std.textio
Compiling package ieee.std_logic_1164
Compiling architecture behavioral of entity xil_defaultlib.SUDCWORAM3SO_SN74LS697 [sudcworam3so_sn74ls697_default]
Compiling architecture behavioral of entity xil_defaultlib.sudcworam3so_sn74ls697_testbench
Built simulation snapshot SUDCWORAM3SO_SN74LS697_testbench_behav
INFO: [USF-XSim-69] 'elaborate' step finished in '2' seconds
INFO: [USF-XSim-4] XSim::Simulate design
INFO: [USF-XSim-61] Executing 'SIMULATE' step in 'C:/Users/1/Desktop/7sem/UPTSU/project_2_new/project_2_new.sim/sim_1/behav/xsim'
INFO: [USF-XSim-98] *** Running xsim
   with args "SUDCWORAM3SO_SN74LS697_testbench_behav -key {Behavioral:sim_1:Functional:SUDCWORAM3SO_SN74LS697_testbench} -tclbatch {SUDCWORAM3SO_SN74LS697_testbench.tcl} -log {simulate.log}"
INFO: [USF-XSim-8] Loading simulator feature
Vivado Simulator 2018.2
Time resolution is 1 ps
source SUDCWORAM3SO_SN74LS697_testbench.tcl
# set curr_wave [current_wave_config]
# if { [string length $curr_wave] == 0 } {
#   if { [llength [get_objects]] > 0} {
#     add_wave /
#     set_property needs_save false [current_wave_config]
#   } else {
#      send_msg_id Add_Wave-1 WARNING "No top level signals found. Simulator will start without a wave window. If you want to open a wave window go to 'File->New Waveform Configuration' or type 'create_wave_config' in the TCL console."
#   }
# }
# run 81920ns
INFO: [USF-XSim-96] XSim completed. Design snapshot 'SUDCWORAM3SO_SN74LS697_testbench_behav' loaded.
INFO: [USF-XSim-97] XSim simulation ran for 81920ns
launch_simulation: Time (s): cpu = 00:00:01 ; elapsed = 00:00:06 . Memory (MB): peak = 915.996 ; gain = 0.000
close_sim
INFO: [Simtcl 6-16] Simulation closed
exit
INFO: [Common 17-206] Exiting Vivado at Sat Sep 14 11:42:07 2024...
