#-----------------------------------------------------------
# Vivado v2018.2 (64-bit)
# SW Build 2258646 on Thu Jun 14 20:03:12 MDT 2018
# IP Build 2256618 on Thu Jun 14 22:10:49 MDT 2018
# Start of session at: Fri Sep 13 15:54:49 2024
# Process ID: 13424
# Current directory: C:/Users/1/Desktop/7sem/UPTSU/project_2_new
# Command line: vivado.exe -gui_launcher_event rodinguilauncherevent19212 C:\Users\1\Desktop\7sem\UPTSU\project_2_new\project_2_new.xpr
# Log file: C:/Users/1/Desktop/7sem/UPTSU/project_2_new/vivado.log
# Journal file: C:/Users/1/Desktop/7sem/UPTSU/project_2_new\vivado.jou
#-----------------------------------------------------------
start_gui
open_project C:/Users/1/Desktop/7sem/UPTSU/project_2_new/project_2_new.xpr
Scanning sources...
Finished scanning sources
INFO: [IP_Flow 19-234] Refreshing IP repositories
INFO: [IP_Flow 19-1704] No user IP repositories specified
INFO: [IP_Flow 19-2313] Loaded Vivado IP repository 'D:/Software/Vivado/Vivado/2018.2/data/ip'.
open_project: Time (s): cpu = 00:00:06 ; elapsed = 00:00:06 . Memory (MB): peak = 799.121 ; gain = 52.812
update_compile_order -fileset sources_1
exit
INFO: [Common 17-206] Exiting Vivado at Fri Sep 13 16:48:01 2024...
