#-----------------------------------------------------------
# Vivado v2018.2 (64-bit)
# SW Build 2258646 on Thu Jun 14 20:03:12 MDT 2018
# IP Build 2256618 on Thu Jun 14 22:10:49 MDT 2018
# Start of session at: Fri Sep 13 16:48:28 2024
# Process ID: 11996
# Current directory: C:/Users/1/Desktop/7sem/UPTSU/project_2_new
# Command line: vivado.exe -gui_launcher_event rodinguilauncherevent9348 C:\Users\1\Desktop\7sem\UPTSU\project_2_new\project_2_new.xpr
# Log file: C:/Users/1/Desktop/7sem/UPTSU/project_2_new/vivado.log
# Journal file: C:/Users/1/Desktop/7sem/UPTSU/project_2_new\vivado.jou
#-----------------------------------------------------------
start_gui
open_project C:/Users/1/Desktop/7sem/UPTSU/project_2_new/project_2_new.xpr
Scanning sources...
Finished scanning sources
INFO: [IP_Flow 19-234] Refreshing IP repositories
INFO: [IP_Flow 19-1704] No user IP repositories specified
INFO: [IP_Flow 19-2313] Loaded Vivado IP repository 'D:/Software/Vivado/Vivado/2018.2/data/ip'.
update_compile_order -fileset sources_1
exit
INFO: [Common 17-206] Exiting Vivado at Fri Sep 13 16:51:34 2024...
